{
  "stats": {
    "suites": 0,
    "tests": 4,
    "passes": 4,
    "pending": 0,
    "failures": 0,
    "start": "2018-03-29T06:29:44.733Z",
    "end": "2018-03-29T06:29:46.420Z",
    "duration": 1687,
    "testsRegistered": 4,
    "passPercent": 100,
    "pendingPercent": 0,
    "other": 0,
    "hasOther": false,
    "skipped": 0,
    "hasSkipped": false,
    "passPercentClass": "success",
    "pendingPercentClass": "danger"
  },
  "suites": {
    "uuid": "bf46acd5-9f49-4980-9a7e-45ad198cc488",
    "title": "",
    "fullFile": "",
    "file": "",
    "beforeHooks": [
      {
        "title": "\"before all\" hook",
        "fullTitle": "\"before all\" hook",
        "timedOut": false,
        "duration": 1602,
        "pass": false,
        "fail": false,
        "pending": false,
        "code": "apiResponse = chakram.get(\"http://api.randomuser.me/0.6?gender=female\");\nreturn apiResponse;\nreturn chakram.wait();",
        "err": {},
        "isRoot": true,
        "uuid": "45a951a2-13e9-4e0d-a587-872608180b63",
        "isHook": true,
        "skipped": false
      }
    ],
    "afterHooks": [
      {
        "title": "\"after each\" hook",
        "fullTitle": "\"after each\" hook",
        "timedOut": false,
        "duration": 0,
        "pass": false,
        "fail": false,
        "pending": false,
        "code": "checkForUnfulfilledExpectations.call(this);\nrecordedExpects = [];",
        "err": {},
        "isRoot": true,
        "uuid": "9695c73e-87b2-4177-bf73-bec14da315f0",
        "isHook": true,
        "skipped": false
      }
    ],
    "tests": [
      {
        "title": "should return 200 on success",
        "fullTitle": "should return 200 on success",
        "timedOut": false,
        "duration": 73,
        "state": "passed",
        "speed": "medium",
        "pass": true,
        "fail": false,
        "pending": false,
        "code": "return expect(apiResponse).to.have.status(200);",
        "err": {},
        "isRoot": true,
        "uuid": "c25cc3ca-340d-496c-884f-1e68983521ca",
        "isHook": false,
        "skipped": false
      },
      {
        "title": "should return content type and server headers",
        "fullTitle": "should return content type and server headers",
        "timedOut": false,
        "duration": 1,
        "state": "passed",
        "speed": "fast",
        "pass": true,
        "fail": false,
        "pending": false,
        "code": "expect(apiResponse).to.have.header(\"server\");\nexpect(apiResponse).to.have.header(\"content-type\", /text/);\nreturn chakram.wait();",
        "err": {},
        "isRoot": true,
        "uuid": "9a646696-a33c-440b-a3f6-cba6e6452446",
        "isHook": false,
        "skipped": false
      },
      {
        "title": "should return a valid email address",
        "fullTitle": "should return a valid email address",
        "timedOut": false,
        "duration": 1,
        "state": "passed",
        "speed": "fast",
        "pass": true,
        "fail": false,
        "pending": false,
        "code": "return expect(apiResponse).to.have.json(function(json) {\n    var email = json.results[0].user.email;\n    expect(/\\S+@\\S+\\.\\S+/.test(email)).to.be.true;\n});\nreturn chakram.wait();",
        "err": {},
        "isRoot": true,
        "uuid": "ae4d7de3-c5fe-4c58-81dd-1679d2a9189c",
        "isHook": false,
        "skipped": false
      },
      {
        "title": "should return content type and server headers",
        "fullTitle": "should return content type and server headers",
        "timedOut": false,
        "duration": 1,
        "state": "passed",
        "speed": "fast",
        "pass": true,
        "fail": false,
        "pending": false,
        "code": "return expect(apiResponse).to.have.json(function(json){\nvar firstName = json.results[0].user.name.first;\nconsole.log(firstName);\nexpect(firstName).to.match(/[a-zA-Z]/);\n//expect(re(regexp.letter)(firstName)).to.be.true\n//expect(firstName).toBeAn('string')\n          /* var re = regexp().maybe(regexp.letter);\nre.test(firstName);*/\n});\nreturn chakram.wait();",
        "err": {},
        "isRoot": true,
        "uuid": "65fae5a2-a3ef-449a-a1fe-7548df14af13",
        "isHook": false,
        "skipped": false
      }
    ],
    "suites": [],
    "passes": [
      "c25cc3ca-340d-496c-884f-1e68983521ca",
      "9a646696-a33c-440b-a3f6-cba6e6452446",
      "ae4d7de3-c5fe-4c58-81dd-1679d2a9189c",
      "65fae5a2-a3ef-449a-a1fe-7548df14af13"
    ],
    "failures": [],
    "pending": [],
    "skipped": [],
    "duration": 76,
    "root": true,
    "rootEmpty": false,
    "_timeout": 2000
  },
  "copyrightYear": 2018
}